<?xml version="1.0" encoding="UTF-8"?>
<testsuite name="ru.stqa.pft.adressbook.GroupDeletionTests" tests="1" skipped="0" failures="0" errors="0" timestamp="2023-01-04T23:55:31" hostname="Z01-20000" time="3.948">
  <properties/>
  <testcase name="testGroupDeletion" classname="ru.stqa.pft.adressbook.GroupDeletionTests" time="3.948"/>
  <system-out><![CDATA[]]></system-out>
  <system-err><![CDATA[SLF4J: Failed to load class "org.slf4j.impl.StaticLoggerBinder".
SLF4J: Defaulting to no-operation (NOP) logger implementation
SLF4J: See http://www.slf4j.org/codes.html#StaticLoggerBinder for further details.
1672876532391	geckodriver	INFO	Listening on 127.0.0.1:47286
1672876532634	mozrunner::runner	INFO	Running command: "C:\\Program Files\\Mozilla Firefox\\firefox.exe" "--marionette" "--remote-debugging-port" "32848" "--remote-allow-hosts" "localhost" "--remote-allow-origins" "http://127.0.0.1:32848/,http://localhost:32848/,http://[::1]:32848/" "-no-remote" "-profile" "C:\\Users\\User\\AppData\\Local\\Temp\\rust_mozprofileTJyMgw"
1672876532884	Marionette	INFO	Marionette enabled
1672876532888	Marionette	INFO	Listening on port 52038
WebDriver BiDi listening on ws://localhost:32848
Read port: 52038
1672876533099	RemoteAgent	WARN	TLS certificate errors will be ignored for this session
console.warn: SearchSettings: "get: No settings file exists, new profile?" (new NotFoundError("Could not open the file at C:\\Users\\User\\AppData\\Local\\Temp\\rust_mozprofileTJyMgw\\search.json.mozlz4", (void 0)))
DevTools listening on ws://localhost:32848/devtools/browser/a435d652-7e1f-41d7-afcb-e789e3c44ad4
console.warn: LoginRecipes: "getRecipes: falling back to a synchronous message for:" "http://localhost"
console.warn: LoginRecipes: "getRecipes: falling back to a synchronous message for:" "http://localhost"
JavaScript error: resource://gre/modules/LoginManagerParent.jsm, line 136: TypeError: gRecipeManager is null
console.warn: LoginRecipes: "getRecipes: falling back to a synchronous message for:" "http://localhost"
JavaScript error: resource://gre/modules/LoginManagerParent.jsm, line 136: TypeError: gRecipeManager is null
console.warn: LoginRecipes: "getRecipes: falling back to a synchronous message for:" "http://localhost"
JavaScript error: resource://gre/modules/LoginManagerParent.jsm, line 136: TypeError: gRecipeManager is null
console.warn: LoginRecipes: "getRecipes: falling back to a synchronous message for:" "http://localhost"
JavaScript error: resource://gre/modules/LoginManagerParent.jsm, line 136: TypeError: gRecipeManager is null
1672876535145	CDP	ERROR	Invalid browser preferences for CDP. Set "fission.webContentIsolationStrategy"to 0 and "fission.bfcacheInParent" to false before Firefox starts.
1672876535171	Marionette	INFO	Stopped listening on port 52038
]]></system-err>
</testsuite>
